#
# There is insufficient memory for the Java Runtime Environment to continue.
# Native memory allocation (malloc) failed to allocate 32784 bytes for Chunk::new
# Possible reasons:
#   The system is out of physical RAM or swap space
#   In 32 bit mode, the process size limit was hit
# Possible solutions:
#   Reduce memory load on the system
#   Increase physical memory or swap space
#   Check if swap backing store is full
#   Use 64 bit Java on a 64 bit OS
#   Decrease Java heap size (-Xmx/-Xms)
#   Decrease number of Java threads
#   Decrease Java thread stack sizes (-Xss)
#   Set larger code cache with -XX:ReservedCodeCacheSize=
# This output file may be truncated or incomplete.
#
#  Out of Memory Error (allocation.cpp:390), pid=400, tid=0x0000000000002444
#
# JRE version: Java(TM) SE Runtime Environment (8.0_151-b12) (build 1.8.0_151-b12)
# Java VM: Java HotSpot(TM) 64-Bit Server VM (25.151-b12 mixed mode windows-amd64 compressed oops)
# Failed to write core dump. Minidumps are not enabled by default on client versions of Windows
#

---------------  T H R E A D  ---------------

Current thread (0x00000000172be800):  JavaThread "C2 CompilerThread0" daemon [_thread_in_native, id=9284, stack(0x0000000018940000,0x0000000018a40000)]

Stack: [0x0000000018940000,0x0000000018a40000]
[error occurred during error reporting (printing stack bounds), id 0xc0000005]

Native frames: (J=compiled Java code, j=interpreted, Vv=VM code, C=native code)


Current CompileTask:
C2:  29751  635       4       java.util.HashSet::add (20 bytes)


---------------  P R O C E S S  ---------------

Java Threads: ( => current thread )
  0x000000001731d800 JavaThread "Service Thread" daemon [_thread_blocked, id=8588, stack(0x0000000019040000,0x0000000019140000)]
  0x00000000172c4000 JavaThread "C1 CompilerThread2" daemon [_thread_in_native, id=8656, stack(0x0000000018b40000,0x0000000018c40000)]
  0x00000000172c1000 JavaThread "C2 CompilerThread1" daemon [_thread_blocked, id=5724, stack(0x0000000018a40000,0x0000000018b40000)]
=>0x00000000172be800 JavaThread "C2 CompilerThread0" daemon [_thread_in_native, id=9284, stack(0x0000000018940000,0x0000000018a40000)]
  0x00000000172bd800 JavaThread "Attach Listener" daemon [_thread_blocked, id=2688, stack(0x0000000018840000,0x0000000018940000)]
  0x00000000172ba800 JavaThread "Signal Dispatcher" daemon [_thread_blocked, id=9380, stack(0x0000000018740000,0x0000000018840000)]
  0x00000000172a9000 JavaThread "Finalizer" daemon [_thread_blocked, id=284, stack(0x0000000018550000,0x0000000018650000)]
  0x0000000004c52000 JavaThread "Reference Handler" daemon [_thread_blocked, id=2140, stack(0x0000000018450000,0x0000000018550000)]
  0x0000000004b60800 JavaThread "main" [_thread_in_vm, id=8380, stack(0x00000000032a0000,0x00000000033a0000)]

Other Threads:
  0x0000000017287800 VMThread [stack: 0x0000000018350000,0x0000000018450000] [id=7520]
  0x0000000018c88000 WatcherThread [stack: 0x0000000019140000,0x0000000019240000] [id=5004]

VM state:not at safepoint (normal execution)

VM Mutex/Monitor currently owned by a thread: None

Heap:
 PSYoungGen      total 18944K, used 7402K [0x00000000eb500000, 0x00000000eca00000, 0x0000000100000000)
  eden space 16384K, 29% used [0x00000000eb500000,0x00000000eb9c2330,0x00000000ec500000)
  from space 2560K, 98% used [0x00000000ec780000,0x00000000ec9f85e0,0x00000000eca00000)
  to   space 2560K, 0% used [0x00000000ec500000,0x00000000ec500000,0x00000000ec780000)
 ParOldGen       total 44032K, used 1351K [0x00000000c1e00000, 0x00000000c4900000, 0x00000000eb500000)
  object space 44032K, 3% used [0x00000000c1e00000,0x00000000c1f51fb0,0x00000000c4900000)
 Metaspace       used 8400K, capacity 8544K, committed 8704K, reserved 1056768K
  class space    used 1125K, capacity 1184K, committed 1280K, reserved 1048576K

Card table byte_map: [0x00000000140c0000,0x00000000142c0000] byte_map_base: 0x0000000013ab1000

Marking Bits: (ParMarkBitMap*) 0x000000005ff1d850
 Begin Bits: [0x0000000014810000, 0x0000000015798000)
 End Bits:   [0x0000000015798000, 0x0000000016720000)

Polling page: 0x0000000002e20000

CodeCache: size=245760Kb used=2668Kb max_used=2679Kb free=243091Kb
 bounds [0x0000000004d00000, 0x0000000004fa0000, 0x0000000013d00000]
 total_blobs=956 nmethods=647 adapters=222
 compilation: enabled

Compilation events (10 events):
Event: 29.597 Thread 0x00000000172c4000 nmethod 644 0x0000000004f997d0 code [0x0000000004f99920, 0x0000000004f99a50]
Event: 29.597 Thread 0x00000000172c4000  646       3       java.lang.Character::isLetterOrDigit (5 bytes)
Event: 29.597 Thread 0x00000000172c4000 nmethod 646 0x0000000004f99110 code [0x0000000004f992a0, 0x0000000004f995f8]
Event: 29.597 Thread 0x00000000172c4000  647       3       java.lang.Character::isLetterOrDigit (19 bytes)
Event: 29.597 Thread 0x00000000172c4000 nmethod 647 0x0000000004f9e110 code [0x0000000004f9e2a0, 0x0000000004f9e598]
Event: 29.597 Thread 0x00000000172c4000  645       1       java.net.URL::getUserInfo (5 bytes)
Event: 29.597 Thread 0x00000000172c4000 nmethod 645 0x0000000004f9de50 code [0x0000000004f9dfa0, 0x0000000004f9e0b0]
Event: 29.598 Thread 0x00000000172c4000  648       3       java.net.URI::quote (208 bytes)
Event: 29.604 Thread 0x00000000172c1000  651       4       java.lang.String::startsWith (7 bytes)
Event: 29.607 Thread 0x00000000172c1000 nmethod 651 0x0000000004f9c590 code [0x0000000004f9c6e0, 0x0000000004f9c7d8]

GC Heap History (4 events):
Event: 18.048 GC heap before
{Heap before GC invocations=1 (full 0):
 PSYoungGen      total 18944K, used 16384K [0x00000000eb500000, 0x00000000eca00000, 0x0000000100000000)
  eden space 16384K, 100% used [0x00000000eb500000,0x00000000ec500000,0x00000000ec500000)
  from space 2560K, 0% used [0x00000000ec780000,0x00000000ec780000,0x00000000eca00000)
  to   space 2560K, 0% used [0x00000000ec500000,0x00000000ec500000,0x00000000ec780000)
 ParOldGen       total 44032K, used 0K [0x00000000c1e00000, 0x00000000c4900000, 0x00000000eb500000)
  object space 44032K, 0% used [0x00000000c1e00000,0x00000000c1e00000,0x00000000c4900000)
 Metaspace       used 6599K, capacity 6816K, committed 6912K, reserved 1056768K
  class space    used 860K, capacity 928K, committed 1024K, reserved 1048576K
Event: 18.123 GC heap after
Heap after GC invocations=1 (full 0):
 PSYoungGen      total 18944K, used 2528K [0x00000000eb500000, 0x00000000eca00000, 0x0000000100000000)
  eden space 16384K, 0% used [0x00000000eb500000,0x00000000eb500000,0x00000000ec500000)
  from space 2560K, 98% used [0x00000000ec500000,0x00000000ec778370,0x00000000ec780000)
  to   space 2560K, 0% used [0x00000000ec780000,0x00000000ec780000,0x00000000eca00000)
 ParOldGen       total 44032K, used 603K [0x00000000c1e00000, 0x00000000c4900000, 0x00000000eb500000)
  object space 44032K, 1% used [0x00000000c1e00000,0x00000000c1e96dc8,0x00000000c4900000)
 Metaspace       used 6599K, capacity 6816K, committed 6912K, reserved 1056768K
  class space    used 860K, capacity 928K, committed 1024K, reserved 1048576K
}
Event: 26.028 GC heap before
{Heap before GC invocations=2 (full 0):
 PSYoungGen      total 18944K, used 18912K [0x00000000eb500000, 0x00000000eca00000, 0x0000000100000000)
  eden space 16384K, 100% used [0x00000000eb500000,0x00000000ec500000,0x00000000ec500000)
  from space 2560K, 98% used [0x00000000ec500000,0x00000000ec778370,0x00000000ec780000)
  to   space 2560K, 0% used [0x00000000ec780000,0x00000000ec780000,0x00000000eca00000)
 ParOldGen       total 44032K, used 603K [0x00000000c1e00000, 0x00000000c4900000, 0x00000000eb500000)
  object space 44032K, 1% used [0x00000000c1e00000,0x00000000c1e96dc8,0x00000000c4900000)
 Metaspace       used 8387K, capacity 8544K, committed 8704K, reserved 1056768K
  class space    used 1125K, capacity 1184K, committed 1280K, reserved 1048576K
Event: 26.042 GC heap after
Heap after GC invocations=2 (full 0):
 PSYoungGen      total 18944K, used 2529K [0x00000000eb500000, 0x00000000eca00000, 0x0000000100000000)
  eden space 16384K, 0% used [0x00000000eb500000,0x00000000eb500000,0x00000000ec500000)
  from space 2560K, 98% used [0x00000000ec780000,0x00000000ec9f85e0,0x00000000eca00000)
  to   space 2560K, 0% used [0x00000000ec500000,0x00000000ec500000,0x00000000ec780000)
 ParOldGen       total 44032K, used 1351K [0x00000000c1e00000, 0x00000000c4900000, 0x00000000eb500000)
  object space 44032K, 3% used [0x00000000c1e00000,0x00000000c1f51fb0,0x00000000c4900000)
 Metaspace       used 8387K, capacity 8544K, committed 8704K, reserved 1056768K
  class space    used 1125K, capacity 1184K, committed 1280K, reserved 1048576K
}

Deoptimization events (2 events):
Event: 18.498 Thread 0x0000000004b60800 Uncommon trap: reason=unstable_if action=reinterpret pc=0x0000000004f3fbc0 method=java.util.HashMap.getNode(ILjava/lang/Object;)Ljava/util/HashMap$Node; @ 129
Event: 20.555 Thread 0x0000000004b60800 Uncommon trap: reason=predicate action=maybe_recompile pc=0x0000000004f5feb0 method=sun.net.www.ParseUtil.encodePath(Ljava/lang/String;Z)Ljava/lang/String; @ 36

Internal exceptions (10 events):
Event: 0.795 Thread 0x0000000004b60800 Exception <a 'java/security/PrivilegedActionException'> (0x00000000eb66c570) thrown at [C:\re\workspace\8-2-build-windows-amd64-cygwin\jdk8u151\9699\hotspot\src\share\vm\prims\jvm.cpp, line 1390]
Event: 13.471 Thread 0x0000000004b60800 Exception <a 'java/lang/ArrayIndexOutOfBoundsException': 100> (0x00000000ebba2418) thrown at [C:\re\workspace\8-2-build-windows-amd64-cygwin\jdk8u151\9699\hotspot\src\share\vm\interpreter\interpreterRuntime.cpp, line 366]
Event: 13.512 Thread 0x0000000004b60800 Exception <a 'java/lang/ArrayIndexOutOfBoundsException': 18> (0x00000000ebba3330) thrown at [C:\re\workspace\8-2-build-windows-amd64-cygwin\jdk8u151\9699\hotspot\src\share\vm\interpreter\interpreterRuntime.cpp, line 366]
Event: 13.512 Thread 0x0000000004b60800 Exception <a 'java/lang/ArrayIndexOutOfBoundsException': 40> (0x00000000ebba3f60) thrown at [C:\re\workspace\8-2-build-windows-amd64-cygwin\jdk8u151\9699\hotspot\src\share\vm\interpreter\interpreterRuntime.cpp, line 366]
Event: 15.765 Thread 0x0000000004b60800 Exception <a 'java/lang/ArrayIndexOutOfBoundsException'> (0x00000000ebf495d8) thrown at [C:\re\workspace\8-2-build-windows-amd64-cygwin\jdk8u151\9699\hotspot\src\share\vm\runtime\sharedRuntime.cpp, line 605]
Event: 15.765 Thread 0x0000000004b60800 Exception <a 'java/lang/ArrayIndexOutOfBoundsException'> (0x00000000ebf4a498) thrown at [C:\re\workspace\8-2-build-windows-amd64-cygwin\jdk8u151\9699\hotspot\src\share\vm\runtime\sharedRuntime.cpp, line 605]
Event: 20.425 Thread 0x0000000004b60800 Exception <a 'java/lang/ArrayIndexOutOfBoundsException'> (0x00000000ebbc5b20) thrown at [C:\re\workspace\8-2-build-windows-amd64-cygwin\jdk8u151\9699\hotspot\src\share\vm\runtime\sharedRuntime.cpp, line 605]
Event: 20.425 Thread 0x0000000004b60800 Exception <a 'java/lang/ArrayIndexOutOfBoundsException'> (0x00000000ebbc6a78) thrown at [C:\re\workspace\8-2-build-windows-amd64-cygwin\jdk8u151\9699\hotspot\src\share\vm\runtime\sharedRuntime.cpp, line 605]
Event: 20.426 Thread 0x0000000004b60800 Exception <a 'java/lang/ArrayIndexOutOfBoundsException'> (0x00000000ebbc8988) thrown at [C:\re\workspace\8-2-build-windows-amd64-cygwin\jdk8u151\9699\hotspot\src\share\vm\runtime\sharedRuntime.cpp, line 605]
Event: 20.426 Thread 0x0000000004b60800 Exception <a 'java/lang/ArrayIndexOutOfBoundsException'> (0x00000000ebbca518) thrown at [C:\re\workspace\8-2-build-windows-amd64-cygwin\jdk8u151\9699\hotspot\src\share\vm\runtime\sharedRuntime.cpp, line 605]

Events (10 events):
Event: 26.044 Executing VM operation: RevokeBias
Event: 26.045 Executing VM operation: RevokeBias done
Event: 26.045 Executing VM operation: BulkRevokeBias
Event: 26.045 Executing VM operation: BulkRevokeBias done
Event: 26.045 Executing VM operation: RevokeBias
Event: 26.045 Executing VM operation: RevokeBias done
Event: 29.581 loading class org/gradle/internal/classloader/MutableURLClassLoader$Spec
Event: 29.581 loading class org/gradle/internal/classloader/MutableURLClassLoader$Spec done
Event: 29.605 loading class org/gradle/internal/service/ServiceLocator
Event: 29.605 loading class org/gradle/internal/service/ServiceLocator done


Dynamic libraries:
0x00007ff7204b0000 - 0x00007ff7204e7000 	C:\ProgramData\Oracle\Java\javapath\java.exe
0x00007ffde6680000 - 0x00007ffde6860000 	C:\WINDOWS\SYSTEM32\ntdll.dll
0x00007ffde3de0000 - 0x00007ffde3e8e000 	C:\WINDOWS\System32\KERNEL32.DLL
0x00007ffde2a80000 - 0x00007ffde2ce6000 	C:\WINDOWS\System32\KERNELBASE.dll
0x00007ffde3d30000 - 0x00007ffde3dd1000 	C:\WINDOWS\System32\ADVAPI32.dll
0x00007ffde3c70000 - 0x00007ffde3d0d000 	C:\WINDOWS\System32\msvcrt.dll
0x00007ffde4180000 - 0x00007ffde41db000 	C:\WINDOWS\System32\sechost.dll
0x00007ffde6190000 - 0x00007ffde62af000 	C:\WINDOWS\System32\RPCRT4.dll
0x00007ffde3ff0000 - 0x00007ffde417f000 	C:\WINDOWS\System32\USER32.dll
0x00007ffde2f10000 - 0x00007ffde2f30000 	C:\WINDOWS\System32\win32u.dll
0x00007ffde3fc0000 - 0x00007ffde3fe8000 	C:\WINDOWS\System32\GDI32.dll
0x00007ffde2cf0000 - 0x00007ffde2e83000 	C:\WINDOWS\System32\gdi32full.dll
0x00007ffde39b0000 - 0x00007ffde3a4b000 	C:\WINDOWS\System32\msvcp_win.dll
0x00007ffde3a50000 - 0x00007ffde3b46000 	C:\WINDOWS\System32\ucrtbase.dll
0x00007ffdd2ed0000 - 0x00007ffdd3139000 	C:\WINDOWS\WinSxS\amd64_microsoft.windows.common-controls_6595b64144ccf1df_6.0.16299.248_none_15ced204935f55d7\COMCTL32.dll
0x00007ffde62b0000 - 0x00007ffde65b8000 	C:\WINDOWS\System32\combase.dll
0x00007ffde2e90000 - 0x00007ffde2f02000 	C:\WINDOWS\System32\bcryptPrimitives.dll
0x00007ffde65c0000 - 0x00007ffde65ed000 	C:\WINDOWS\System32\IMM32.DLL
0x000000005ffa0000 - 0x0000000060072000 	C:\Program Files\Java\jre1.8.0_151\bin\msvcr100.dll
0x000000005f700000 - 0x000000005ff9d000 	C:\Program Files\Java\jre1.8.0_151\bin\server\jvm.dll
0x00007ffde3d10000 - 0x00007ffde3d18000 	C:\WINDOWS\System32\PSAPI.DLL
0x00007ffdda7d0000 - 0x00007ffdda7da000 	C:\WINDOWS\SYSTEM32\VERSION.dll
0x00007ffddd240000 - 0x00007ffddd263000 	C:\WINDOWS\SYSTEM32\WINMM.dll
0x00007ffddd580000 - 0x00007ffddd589000 	C:\WINDOWS\SYSTEM32\WSOCK32.dll
0x00007ffde47e0000 - 0x00007ffde484c000 	C:\WINDOWS\System32\WS2_32.dll
0x00007ffddd210000 - 0x00007ffddd23a000 	C:\WINDOWS\SYSTEM32\winmmbase.dll
0x00007ffde3790000 - 0x00007ffde37da000 	C:\WINDOWS\System32\cfgmgr32.dll
0x000000005f6f0000 - 0x000000005f6ff000 	C:\Program Files\Java\jre1.8.0_151\bin\verify.dll
0x000000005f6c0000 - 0x000000005f6e9000 	C:\Program Files\Java\jre1.8.0_151\bin\java.dll
0x000000005f6a0000 - 0x000000005f6b6000 	C:\Program Files\Java\jre1.8.0_151\bin\zip.dll
0x00007ffde4a60000 - 0x00007ffde5e96000 	C:\WINDOWS\System32\SHELL32.dll
0x00007ffde5f70000 - 0x00007ffde6016000 	C:\WINDOWS\System32\shcore.dll
0x00007ffde2f30000 - 0x00007ffde3677000 	C:\WINDOWS\System32\windows.storage.dll
0x00007ffde4a00000 - 0x00007ffde4a51000 	C:\WINDOWS\System32\shlwapi.dll
0x00007ffde2a60000 - 0x00007ffde2a71000 	C:\WINDOWS\System32\kernel.appcore.dll
0x00007ffde2a10000 - 0x00007ffde2a5c000 	C:\WINDOWS\System32\powrprof.dll
0x00007ffde29d0000 - 0x00007ffde29eb000 	C:\WINDOWS\System32\profapi.dll
0x000000005f680000 - 0x000000005f69a000 	C:\Program Files\Java\jre1.8.0_151\bin\net.dll
0x00007ffde2200000 - 0x00007ffde2266000 	C:\WINDOWS\system32\mswsock.dll
0x000000005f660000 - 0x000000005f671000 	C:\Program Files\Java\jre1.8.0_151\bin\nio.dll
0x00007ffdd6460000 - 0x00007ffdd6472000 	C:\Users\Ahmed Ali\.gradle\native\19\windows-amd64\native-platform.dll
0x0000000180000000 - 0x0000000180037000 	C:\Users\Ahmed Ali\.gradle\native\jna\win32-amd64\jnidispatch.dll
0x00007ffde23d0000 - 0x00007ffde23e7000 	C:\WINDOWS\SYSTEM32\CRYPTSP.dll
0x00007ffde1e10000 - 0x00007ffde1e43000 	C:\WINDOWS\system32\rsaenh.dll
0x00007ffde24d0000 - 0x00007ffde24f5000 	C:\WINDOWS\SYSTEM32\bcrypt.dll
0x00007ffde2900000 - 0x00007ffde2929000 	C:\WINDOWS\SYSTEM32\USERENV.dll
0x00007ffde23c0000 - 0x00007ffde23cb000 	C:\WINDOWS\SYSTEM32\CRYPTBASE.dll
0x00007ffde1f90000 - 0x00007ffde1fc9000 	C:\WINDOWS\SYSTEM32\IPHLPAPI.DLL
0x00007ffde47d0000 - 0x00007ffde47d8000 	C:\WINDOWS\System32\NSI.dll
0x00007ffddd1d0000 - 0x00007ffddd1e6000 	C:\WINDOWS\SYSTEM32\dhcpcsvc6.DLL
0x00007ffddd270000 - 0x00007ffddd28a000 	C:\WINDOWS\SYSTEM32\dhcpcsvc.DLL
0x000000005f650000 - 0x000000005f65d000 	C:\Program Files\Java\jre1.8.0_151\bin\management.dll

VM Arguments:
jvm_args: -Dorg.gradle.appname=gradlew 
java_command: org.gradle.wrapper.GradleWrapperMain installDebug
java_class_path (initial): C:\Users\Ahmed Ali\react-native\MoWeSolutionsTask\android\\gradle\wrapper\gradle-wrapper.jar
Launcher Type: SUN_STANDARD

Environment Variables:
CLASSPATH=C:\Users\Ahmed Ali\react-native\MoWeSolutionsTask\android\\gradle\wrapper\gradle-wrapper.jar
PATH=C:\Program Files (x86)\AMD APP\bin\x86_64;C:\Program Files (x86)\AMD APP\bin\x86;C:\ProgramData\Oracle\Java\javapath;C:\WINDOWS\system32;C:\WINDOWS;C:\WINDOWS\System32\Wbem;C:\WINDOWS\System32\WindowsPowerShell\v1.0\;C:\Program Files\nodejs\;C:\Program Files (x86)\ATI Technologies\ATI.ACE\Core-Static;C:\Program Files\Java\jdk1.8.0_151;C:\Users\Ahmed Ali\AppData\Roaming\npm;C:\Program Files\Microsoft VS Code\bin;C:\Users\Ahmed Ali\AppData\Local\Microsoft\WindowsApps
USERNAME=Ahmed Ali
OS=Windows_NT
PROCESSOR_IDENTIFIER=Intel64 Family 6 Model 58 Stepping 9, GenuineIntel



---------------  S Y S T E M  ---------------

OS: Windows 10.0 , 64 bit Build 16299 (10.0.16299.15)

CPU:total 4 (initial active 4) (2 cores per cpu, 2 threads per core) family 6 model 58 stepping 9, cmov, cx8, fxsr, mmx, sse, sse2, sse3, ssse3, sse4.1, sse4.2, popcnt, avx, aes, clmul, erms, ht, tsc, tscinvbit, tscinv

Memory: 4k page, physical 4066664k(274968k free), swap 6653528k(3096k free)

vm_info: Java HotSpot(TM) 64-Bit Server VM (25.151-b12) for windows-amd64 JRE (1.8.0_151-b12), built on Sep  5 2017 19:33:46 by "java_re" with MS VC++ 10.0 (VS2010)

time: Fri Feb 16 16:14:16 2018
elapsed time: 29 seconds (0d 0h 0m 29s)

